Base path: C:/Program Files (x86)/Unity/Editor/Data
Pipe name: \\.\pipe\UnityShaderCompiler-1-1396
Cmd: getPlatforms
Cmd: compileSnippet
  api=5 type=0 insize=5385 outsize=4067 kw=DIRECTIONAL SHADOWS_OFF LIGHTMAP_OFF DIRLIGHTMAP_OFF ok=1
Cmd: compileSnippet
  api=9 type=0 insize=5385 outsize=4872 kw=DIRECTIONAL SHADOWS_SCREEN LIGHTMAP_OFF DIRLIGHTMAP_OFF ok=1
Cmd: compileSnippet
  api=9 type=0 insize=5385 outsize=6009 kw=DIRECTIONAL SHADOWS_SCREEN LIGHTMAP_OFF DIRLIGHTMAP_OFF VERTEXLIGHT_ON ok=1
Cmd: compileSnippet
  api=9 type=0 insize=5385 outsize=1643 kw=DIRECTIONAL SHADOWS_SCREEN SHADOWS_NATIVE LIGHTMAP_ON DIRLIGHTMAP_OFF ok=1
Cmd: compileSnippet
  api=5 type=1 insize=5385 outsize=6 kw=DIRECTIONAL SHADOWS_OFF LIGHTMAP_OFF DIRLIGHTMAP_OFF ok=1
Cmd: compileSnippet
  api=5 type=1 insize=5385 outsize=6 kw=DIRECTIONAL SHADOWS_SCREEN LIGHTMAP_OFF DIRLIGHTMAP_OFF ok=1
Cmd: compileSnippet
  api=5 type=0 insize=3260 outsize=2938 kw=POINT ok=1
Cmd: compileSnippet
  api=9 type=0 insize=3260 outsize=3131 kw=POINT_COOKIE ok=1
Cmd: compileSnippet
  api=5 type=0 insize=3260 outsize=2726 kw=DIRECTIONAL_COOKIE ok=1
Cmd: compileSnippet
  api=5 type=1 insize=3260 outsize=6 kw=POINT ok=1
Cmd: compileSnippet
  api=5 type=1 insize=3260 outsize=6 kw=SPOT ok=1
Cmd: compileSnippet
  api=5 type=1 insize=3260 outsize=6 kw=DIRECTIONAL_COOKIE ok=1
Cmd: compileSnippet
  api=5 type=0 insize=892 outsize=1093 kw= ok=1
Cmd: compileSnippet
  api=5 type=1 insize=892 outsize=6 kw= ok=1
